app/build/outputs/apk/manifest-merger-debug-report.txt
-- Merging decision tree log ---
manifest
ADDED from AndroidManifest.xml:2:1
	xmlns:android
		ADDED from AndroidManifest.xml:6:5
	package
		ADDED from AndroidManifest.xml:5:5
		INJECTED from AndroidManifest.xml:0:0
		INJECTED from AndroidManifest.xml:0:0
	android:versionName
		ADDED from AndroidManifest.xml:4:5
	android:versionCode
		ADDED from AndroidManifest.xml:3:5
		INJECTED from AndroidManifest.xml:0:0
		INJECTED from AndroidManifest.xml:0:0
uses-sdk
ADDED from AndroidManifest.xml:8:5
	android:targetSdkVersion
		INJECTED from AndroidManifest.xml:0:0
		INJECTED from AndroidManifest.xml:0:0
	android:minSdkVersion
		ADDED from AndroidManifest.xml:8:15
		INJECTED from AndroidManifest.xml:0:0
		INJECTED from AndroidManifest.xml:0:0
application
ADDED from AndroidManifest.xml:9:5
	android:label
		ADDED from AndroidManifest.xml:11:9
	android:icon
		ADDED from AndroidManifest.xml:10:9
activity#com.no_texting_while_driving.MainActivity
ADDED from AndroidManifest.xml:12:9
	android:label
		ADDED from AndroidManifest.xml:13:13
	android:configChanges
		ADDED from AndroidManifest.xml:15:13
	android:name
		ADDED from AndroidManifest.xml:14:13
intent-filter#android.intent.action.MAIN+android.intent.category.LAUNCHER
ADDED from AndroidManifest.xml:16:13
action#android.intent.action.MAIN
ADDED from AndroidManifest.xml:17:17
	android:name
		ADDED from AndroidManifest.xml:17:25
category#android.intent.category.LAUNCHER
ADDED from AndroidManifest.xml:18:17
	android:name
		ADDED from AndroidManifest.xml:18:27
activity#com.no_texting_while_driving.Settings
ADDED from AndroidManifest.xml:21:9
	android:label
		ADDED from AndroidManifest.xml:22:13
	android:configChanges
		ADDED from AndroidManifest.xml:24:13
	android:name
		ADDED from AndroidManifest.xml:23:13
intent-filter#android.intent.category.DEFAULT+com.no_texting_while_driving.SETTINGS
ADDED from AndroidManifest.xml:25:13
action#com.no_texting_while_driving.SETTINGS
ADDED from AndroidManifest.xml:26:17
	android:name
		ADDED from AndroidManifest.xml:26:25
category#android.intent.category.DEFAULT
ADDED from AndroidManifest.xml:27:17
	android:name
		ADDED from AndroidManifest.xml:27:27
activity#com.no_texting_while_driving.Registration
ADDED from AndroidManifest.xml:30:9
	android:label
		ADDED from AndroidManifest.xml:31:13
	android:configChanges
		ADDED from AndroidManifest.xml:33:13
	android:name
		ADDED from AndroidManifest.xml:32:13
intent-filter#android.intent.category.DEFAULT+com.no_texting_while_driving.REGISTER
ADDED from AndroidManifest.xml:34:13
action#com.no_texting_while_driving.REGISTER
ADDED from AndroidManifest.xml:35:17
	android:name
		ADDED from AndroidManifest.xml:35:25
activity#com.no_texting_while_driving.Help
ADDED from AndroidManifest.xml:39:9
	android:label
		ADDED from AndroidManifest.xml:40:13
	android:configChanges
		ADDED from AndroidManifest.xml:42:13
	android:name
		ADDED from AndroidManifest.xml:41:13
intent-filter#android.intent.category.DEFAULT+com.no_texting_while_driving.HELP
ADDED from AndroidManifest.xml:43:13
action#com.no_texting_while_driving.HELP
ADDED from AndroidManifest.xml:44:17
	android:name
		ADDED from AndroidManifest.xml:44:25
activity#com.no_texting_while_driving.HowTo
ADDED from AndroidManifest.xml:48:9
	android:label
		ADDED from AndroidManifest.xml:50:13
	android:configChanges
		ADDED from AndroidManifest.xml:51:13
	android:name
		ADDED from AndroidManifest.xml:49:13
intent-filter#android.intent.category.DEFAULT+com.no_texting_while_driving.HOWTO
ADDED from AndroidManifest.xml:52:13
action#com.no_texting_while_driving.HOWTO
ADDED from AndroidManifest.xml:53:17
	android:name
		ADDED from AndroidManifest.xml:53:25
activity#com.no_texting_while_driving.About
ADDED from AndroidManifest.xml:57:9
	android:label
		ADDED from AndroidManifest.xml:59:13
	android:configChanges
		ADDED from AndroidManifest.xml:60:13
	android:name
		ADDED from AndroidManifest.xml:58:13
intent-filter#android.intent.category.DEFAULT+com.no_texting_while_driving.ABOUT
ADDED from AndroidManifest.xml:61:13
action#com.no_texting_while_driving.ABOUT
ADDED from AndroidManifest.xml:62:17
	android:name
		ADDED from AndroidManifest.xml:62:25
activity#com.no_texting_while_driving.Speedometer
ADDED from AndroidManifest.xml:66:9
	android:label
		ADDED from AndroidManifest.xml:67:13
	android:configChanges
		ADDED from AndroidManifest.xml:69:13
	android:name
		ADDED from AndroidManifest.xml:68:13
intent-filter#android.intent.category.DEFAULT+com.no_texting_while_driving.SPEEDOMETER
ADDED from AndroidManifest.xml:70:13
action#com.no_texting_while_driving.SPEEDOMETER
ADDED from AndroidManifest.xml:71:17
	android:name
		ADDED from AndroidManifest.xml:71:25
receiver#com.no_texting_while_driving.StartupIntentReceiver
ADDED from AndroidManifest.xml:76:9
	android:name
		ADDED from AndroidManifest.xml:76:19
intent-filter#android.intent.action.BOOT_COMPLETED+android.intent.category.HOME
ADDED from AndroidManifest.xml:77:13
action#android.intent.action.BOOT_COMPLETED
ADDED from AndroidManifest.xml:78:17
	android:name
		ADDED from AndroidManifest.xml:78:25
category#android.intent.category.HOME
ADDED from AndroidManifest.xml:79:17
	android:name
		ADDED from AndroidManifest.xml:79:27
receiver#com.no_texting_while_driving.YourObserver
ADDED from AndroidManifest.xml:83:9
	android:enabled
		ADDED from AndroidManifest.xml:85:13
	android:name
		ADDED from AndroidManifest.xml:84:13
intent-filter#android.provider.Telephony.SMS_SENT
ADDED from AndroidManifest.xml:86:13
action#android.provider.Telephony.SMS_SENT
ADDED from AndroidManifest.xml:87:17
	android:name
		ADDED from AndroidManifest.xml:87:25
service#com.no_texting_while_driving.BackgroundService
ADDED from AndroidManifest.xml:91:9
	android:label
		ADDED from AndroidManifest.xml:93:13
	android:icon
		ADDED from AndroidManifest.xml:92:13
	android:name
		ADDED from AndroidManifest.xml:94:13
intent-filter#com.no_texting_while_driving.BackgroundService
ADDED from AndroidManifest.xml:95:13
action#com.no_texting_while_driving.BackgroundService
ADDED from AndroidManifest.xml:96:17
	android:name
		ADDED from AndroidManifest.xml:96:25
receiver#com.no_texting_while_driving.SmsReceiver
ADDED from AndroidManifest.xml:99:9
	android:name
		ADDED from AndroidManifest.xml:99:19
intent-filter#android.provider.Telephony.SMS_RECEIVED
ADDED from AndroidManifest.xml:100:13
action#android.provider.Telephony.SMS_RECEIVED
ADDED from AndroidManifest.xml:101:17
	android:name
		ADDED from AndroidManifest.xml:101:25
uses-permission#android.permission.INTERNET
ADDED from AndroidManifest.xml:107:5
	android:name
		ADDED from AndroidManifest.xml:107:22
uses-permission#android.permission.ACCESS_FINE_LOCATION
ADDED from AndroidManifest.xml:108:5
	android:name
		ADDED from AndroidManifest.xml:108:22
uses-permission#android.permission.ACCESS_COARSE_LOCATION
ADDED from AndroidManifest.xml:109:5
	android:name
		ADDED from AndroidManifest.xml:109:22
uses-permission#android.permission.SEND_SMS
ADDED from AndroidManifest.xml:110:5
	android:name
		ADDED from AndroidManifest.xml:110:22
uses-permission#android.permission.RECEIVE_SMS
ADDED from AndroidManifest.xml:111:5
	android:name
		ADDED from AndroidManifest.xml:111:22
uses-permission#android.permission.READ_SMS
ADDED from AndroidManifest.xml:112:5
	android:name
		ADDED from AndroidManifest.xml:112:22
uses-permission#android.permission.READ_PHONE_STATE
ADDED from AndroidManifest.xml:113:5
	android:name
		ADDED from AndroidManifest.xml:113:22
uses-permission#android.permission.RECEIVE_BOOT_COMPLETED
ADDED from AndroidManifest.xml:114:5
	android:name
		ADDED from AndroidManifest.xml:114:22